This is cutadapt 1.18 with Python 3.7.12
Command line parameters: --cores=1 -a CTGTAGGCACCATCAAT --overlap=4 --trimmed-only --maximum-length=56 --minimum-length=31 --quality-cutoff=28 SRR914328.fastq.gz
Processing reads on 1 core in single-end mode ...
Finished in 103.53 s (5 us/read; 11.27 M reads/minute).

=== Summary ===

Total reads processed:              19,452,670
Reads with adapters:                     2,737 (0.0%)
Reads that were too short:           1,961,087 (10.1%)
Reads that were too long:                    0 (0.0%)
Reads written (passing filters):           756 (0.0%)

Total basepairs processed:   972,633,500 bp
Quality-trimmed:              93,165,074 bp (9.6%)
Total written (filtered):         31,101 bp (0.0%)

=== Adapter 1 ===

Sequence: CTGTAGGCACCATCAAT; Type: regular 3'; Length: 17; Trimmed: 2737 times.

No. of allowed errors:
0-9 bp: 0; 10-17 bp: 1

Bases preceding removed adapters:
  A: 35.4%
  C: 9.8%
  G: 23.2%
  T: 24.8%
  none/other: 6.8%

Overview of removed sequences
length	count	expect	max.err	error counts
4	1935	75987.0	0	1935
5	399	18996.7	0	399
6	310	4749.2	0	310
7	79	1187.3	0	79
9	5	74.2	0	1 4
10	3	18.6	1	0 3
11	1	4.6	1	0 1
12	2	1.2	1	0 2
23	1	0.0	1	1
24	1	0.0	1	1
46	1	0.0	1	1

